<?xml version="1.0" encoding="UTF-8"?>
<!-- Generated by org.testng.reporters.JUnitXMLReporter -->
<testsuite hostname="LAPTOP-INV4FEQ8" ignored="0" name="Tutorials Ninja HybridTest" tests="12" failures="0" timestamp="2023-03-03T16:38:22 EST" time="69.63" errors="0">
  <testcase name="verifyRegisterAccountWithMandatoryFields" time="1.032" classname="com.tutorialsninja.qa.testcases.Register"/>
  <testcase name="verifyRegisterAccountWithAllFields" time="1.087" classname="com.tutorialsninja.qa.testcases.Register"/>
  <testcase name="verifyRegisterAccountWithExistingEmail" time="0.765" classname="com.tutorialsninja.qa.testcases.Register"/>
  <testcase name="verifyRegisterAccountWithoutFillingAnyDetails" time="0.505" classname="com.tutorialsninja.qa.testcases.Register"/>
  <testcase name="verifyLoginWithValidCredentials" time="1.048" classname="com.tutorialsninja.qa.testcases.Login"/>
  <testcase name="verifyLoginWithInvalidCredentials" time="0.558" classname="com.tutorialsninja.qa.testcases.Login"/>
  <testcase name="verifyLoginWithValidEmailInvalidPassword" time="0.548" classname="com.tutorialsninja.qa.testcases.Login"/>
  <testcase name="verifyLoginWithInvalidEmailValidPassword" time="0.571" classname="com.tutorialsninja.qa.testcases.Login"/>
  <testcase name="verifyLoginWithoutProvidingCredentials" time="0.451" classname="com.tutorialsninja.qa.testcases.Login"/>
  <testcase name="verifySearchWithValidProduct" time="0.596" classname="com.tutorialsninja.qa.testcases.Search"/>
  <testcase name="verifySearchWithNonExistingProduct" time="0.442" classname="com.tutorialsninja.qa.testcases.Search"/>
  <testcase name="verifySearchWithoutEnteringAnyProduct" time="0.384" classname="com.tutorialsninja.qa.testcases.Search"/>
</testsuite> <!-- Tutorials Ninja HybridTest -->
